Paired-end= y
strand type= ns
Max_Fraglen= 400
Min_Fraglen= 1
MAX_REPEAT= 100
bias model= 0 (no bias model)
positional bias training length= 1000
positional bias impute training length= 200
fasta header option= E
MAX_Thread= 8
binsize = 5000
taglen = 2
print suffix aray = n
finished reading options and arguments..
input fastafile name= /n/data1/hms/dbmi/park/sl325/EMSARtest/Vicugna_pacos.vicPac1.72.cdna.all.fa
readlength = 101
reading fasta file... :05/09,17:26:52
initialized seq_array..
cumlI_size=3947, max_tid=12703, fasta_size=39469187
initializing rsh array... :05/09,17:26:54
Marking noncanonical positions...
05/09,17:26:54
Generating suffix array for read length 101...
05/09,17:27:01
max_sfa_size=18452306
initializating suffix array... (w/ tag AA) :05/09,17:27:01
sfa_size=36904612 (0~2116056)
sorting suffix array... :05/09,17:27:01
sorting suffix array finished... :05/09,17:27:03
initializating suffix array... (w/ tag AC) :05/09,17:27:03
sfa_size=36904612 (2116057~3632129)
sorting suffix array... :05/09,17:27:03
sorting suffix array finished... :05/09,17:27:04
initializating suffix array... (w/ tag AG) :05/09,17:27:04
sfa_size=36904612 (3632130~5816688)
sorting suffix array... :05/09,17:27:05
sorting suffix array finished... :05/09,17:27:06
initializating suffix array... (w/ tag AT) :05/09,17:27:06
sfa_size=36904612 (5816689~7541587)
sorting suffix array... :05/09,17:27:07
sorting suffix array finished... :05/09,17:27:08
initializating suffix array... (w/ tag CA) :05/09,17:27:08
sfa_size=36904612 (7541588~9826204)
sorting suffix array... :05/09,17:27:09
sorting suffix array finished... :05/09,17:27:10
initializating suffix array... (w/ tag CC) :05/09,17:27:10
sfa_size=36904612 (9826205~11712290)
sorting suffix array... :05/09,17:27:11
sorting suffix array finished... :05/09,17:27:12
initializating suffix array... (w/ tag CG) :05/09,17:27:12
sfa_size=36904612 (11712291~12504699)
sorting suffix array... :05/09,17:27:12
sorting suffix array finished... :05/09,17:27:13
initializating suffix array... (w/ tag CT) :05/09,17:27:13
sfa_size=36904612 (12504700~14701864)
sorting suffix array... :05/09,17:27:14
sorting suffix array finished... :05/09,17:27:15
initializating suffix array... (w/ tag GA) :05/09,17:27:15
sfa_size=36904612 (14701865~16731765)
sorting suffix array... :05/09,17:27:16
sorting suffix array finished... :05/09,17:27:17
initializating suffix array... (w/ tag GC) :05/09,17:27:17
sfa_size=36904612 (16731766~18450254)
sorting suffix array... :05/09,17:27:17
sorting suffix array finished... :05/09,17:27:18
initializating suffix array... (w/ tag GG) :05/09,17:27:18
sfa_size=36904612 (18450255~20349271)
sorting suffix array... :05/09,17:27:19
sorting suffix array finished... :05/09,17:27:20
initializating suffix array... (w/ tag GT) :05/09,17:27:20
sfa_size=36904612 (20349272~21879090)
sorting suffix array... :05/09,17:27:21
sorting suffix array finished... :05/09,17:27:21
initializating suffix array... (w/ tag TA) :05/09,17:27:21
sfa_size=36904612 (21879091~22987444)
sorting suffix array... :05/09,17:27:22
sorting suffix array finished... :05/09,17:27:23
initializating suffix array... (w/ tag TC) :05/09,17:27:23
sfa_size=36904612 (22987445~25026814)
sorting suffix array... :05/09,17:27:23
sorting suffix array finished... :05/09,17:27:24
initializating suffix array... (w/ tag TG) :05/09,17:27:24
sfa_size=36904612 (25026815~27331519)
sorting suffix array... :05/09,17:27:25
sorting suffix array finished... :05/09,17:27:27
initializating suffix array... (w/ tag TT) :05/09,17:27:27
sfa_size=36904612 (27331520~29468987)
sorting suffix array... :05/09,17:27:27
sorting suffix array finished... :05/09,17:27:28
suffix array size readjusted to 29468988...
generating mark array for mate1 suffix array...
05/09,17:27:28
processing mate1 suffix array... (using 8 thread(s))
05/09,17:27:30
Running the unthreaded part...

------------------------------------------------------------
Sender: LSF System <lsfadmin@clarinet001-180.orchestra>
Subject: Job 8116352: <./emsar-build -P -p 8 /n/data1/hms/dbmi/park/sl325/EMSARtest/Vicugna_pacos.vicPac1.72.cdna.all.fa 101 /n/data1/hms/dbmi/park/sl325/EMSARtest/ Vicugnia.L101x2> Exited

Job <./emsar-build -P -p 8 /n/data1/hms/dbmi/park/sl325/EMSARtest/Vicugna_pacos.vicPac1.72.cdna.all.fa 101 /n/data1/hms/dbmi/park/sl325/EMSARtest/ Vicugnia.L101x2> was submitted from host <balcony.orchestra> by user <sl325> in cluster <hms_orchestra>.
Job was executed on host(s) <8*clarinet001-180.orchestra>, in queue <i2b2_7d>, as user <sl325> in cluster <hms_orchestra>.
</home/sl325> was used as the home directory.
</home/sl325/bin/EMSAR.v1.2j> was used as the working directory.
Started at Sat May  9 17:26:52 2015
Results reported at Sat May  9 17:27:31 2015

Your job looked like:

------------------------------------------------------------
# LSBATCH: User input
./emsar-build -P -p 8 /n/data1/hms/dbmi/park/sl325/EMSARtest/Vicugna_pacos.vicPac1.72.cdna.all.fa 101 /n/data1/hms/dbmi/park/sl325/EMSARtest/ Vicugnia.L101x2
------------------------------------------------------------

Exited with exit code 134.

Resource usage summary:

    CPU time   :     69.70 sec.
    Max Memory :       134 MB
    Max Swap   :       243 MB

    Max Processes  :         3
    Max Threads    :         8

The output (if any) is above this job summary.



PS:

Read file <e1.log> for stderr output of this job.

Paired-end= y
strand type= ns
Max_Fraglen= 400
Min_Fraglen= 1
MAX_REPEAT= 100
bias model= 0 (no bias model)
positional bias training length= 1000
positional bias impute training length= 200
fasta header option= E
MAX_Thread= 8
binsize = 5000
taglen = 2
print suffix aray = n
finished reading options and arguments..
input fastafile name= /n/data1/hms/dbmi/park/sl325/EMSARtest/Vicugna_pacos.vicPac1.72.cdna.all.fa
readlength = 101
reading fasta file... :05/09,17:37:35
initialized seq_array..
cumlI_size=3947, max_tid=12703, fasta_size=39469187
initializing rsh array... :05/09,17:37:37
Marking noncanonical positions...
05/09,17:37:37
Generating suffix array for read length 101...
05/09,17:37:44
max_sfa_size=18452306
initializating suffix array... (w/ tag AA) :05/09,17:37:44
sfa_size=36904612 (0~2116056)
sorting suffix array... :05/09,17:37:44
sorting suffix array finished... :05/09,17:37:45
initializating suffix array... (w/ tag AC) :05/09,17:37:45
sfa_size=36904612 (2116057~3632129)
sorting suffix array... :05/09,17:37:46
sorting suffix array finished... :05/09,17:37:47
initializating suffix array... (w/ tag AG) :05/09,17:37:47
sfa_size=36904612 (3632130~5816688)
sorting suffix array... :05/09,17:37:48
sorting suffix array finished... :05/09,17:37:49
initializating suffix array... (w/ tag AT) :05/09,17:37:49
sfa_size=36904612 (5816689~7541587)
sorting suffix array... :05/09,17:37:50
sorting suffix array finished... :05/09,17:37:51
initializating suffix array... (w/ tag CA) :05/09,17:37:51
sfa_size=36904612 (7541588~9826204)
sorting suffix array... :05/09,17:37:52
sorting suffix array finished... :05/09,17:37:53
initializating suffix array... (w/ tag CC) :05/09,17:37:53
sfa_size=36904612 (9826205~11712290)
sorting suffix array... :05/09,17:37:54
sorting suffix array finished... :05/09,17:37:55
initializating suffix array... (w/ tag CG) :05/09,17:37:55
sfa_size=36904612 (11712291~12504699)
sorting suffix array... :05/09,17:37:56
sorting suffix array finished... :05/09,17:37:56
initializating suffix array... (w/ tag CT) :05/09,17:37:56
sfa_size=36904612 (12504700~14701864)
sorting suffix array... :05/09,17:37:57
sorting suffix array finished... :05/09,17:37:58
initializating suffix array... (w/ tag GA) :05/09,17:37:58
sfa_size=36904612 (14701865~16731765)
sorting suffix array... :05/09,17:37:59
sorting suffix array finished... :05/09,17:38:00
initializating suffix array... (w/ tag GC) :05/09,17:38:00
sfa_size=36904612 (16731766~18450254)
sorting suffix array... :05/09,17:38:00
sorting suffix array finished... :05/09,17:38:01
initializating suffix array... (w/ tag GG) :05/09,17:38:01
sfa_size=36904612 (18450255~20349271)
sorting suffix array... :05/09,17:38:02
sorting suffix array finished... :05/09,17:38:03
initializating suffix array... (w/ tag GT) :05/09,17:38:03
sfa_size=36904612 (20349272~21879090)
sorting suffix array... :05/09,17:38:04
sorting suffix array finished... :05/09,17:38:05
initializating suffix array... (w/ tag TA) :05/09,17:38:05
sfa_size=36904612 (21879091~22987444)
sorting suffix array... :05/09,17:38:05
sorting suffix array finished... :05/09,17:38:06
initializating suffix array... (w/ tag TC) :05/09,17:38:06
sfa_size=36904612 (22987445~25026814)
sorting suffix array... :05/09,17:38:07
sorting suffix array finished... :05/09,17:38:08
initializating suffix array... (w/ tag TG) :05/09,17:38:08
sfa_size=36904612 (25026815~27331519)
sorting suffix array... :05/09,17:38:09
sorting suffix array finished... :05/09,17:38:10
initializating suffix array... (w/ tag TT) :05/09,17:38:10
sfa_size=36904612 (27331520~29468987)
sorting suffix array... :05/09,17:38:11
sorting suffix array finished... :05/09,17:38:12
suffix array size readjusted to 29468988...
generating mark array for mate1 suffix array...
05/09,17:38:12
processing mate1 suffix array... (using 8 thread(s))
05/09,17:38:14
Running the unthreaded part...

------------------------------------------------------------
Sender: LSF System <lsfadmin@clarinet001-177.orchestra>
Subject: Job 8116366: <./emsar-build -P -p 8 /n/data1/hms/dbmi/park/sl325/EMSARtest/Vicugna_pacos.vicPac1.72.cdna.all.fa 101 /n/data1/hms/dbmi/park/sl325/EMSARtest/ Vicugnia.L101x2> Exited

Job <./emsar-build -P -p 8 /n/data1/hms/dbmi/park/sl325/EMSARtest/Vicugna_pacos.vicPac1.72.cdna.all.fa 101 /n/data1/hms/dbmi/park/sl325/EMSARtest/ Vicugnia.L101x2> was submitted from host <balcony.orchestra> by user <sl325> in cluster <hms_orchestra>.
Job was executed on host(s) <8*clarinet001-177.orchestra>, in queue <i2b2_7d>, as user <sl325> in cluster <hms_orchestra>.
</home/sl325> was used as the home directory.
</home/sl325/bin/EMSAR.v1.2j> was used as the working directory.
Started at Sat May  9 17:37:35 2015
Results reported at Sat May  9 17:38:14 2015

Your job looked like:

------------------------------------------------------------
# LSBATCH: User input
./emsar-build -P -p 8 /n/data1/hms/dbmi/park/sl325/EMSARtest/Vicugna_pacos.vicPac1.72.cdna.all.fa 101 /n/data1/hms/dbmi/park/sl325/EMSARtest/ Vicugnia.L101x2
------------------------------------------------------------

Exited with exit code 134.

Resource usage summary:

    CPU time   :     70.62 sec.
    Max Memory :       133 MB
    Max Swap   :       243 MB

    Max Processes  :         3
    Max Threads    :         8

The output (if any) is above this job summary.



PS:

Read file <e1.log> for stderr output of this job.

Paired-end= y
strand type= ns
Max_Fraglen= 400
Min_Fraglen= 1
MAX_REPEAT= 100
bias model= 0 (no bias model)
positional bias training length= 1000
positional bias impute training length= 200
fasta header option= E
MAX_Thread= 8
binsize = 5000
taglen = 2
print suffix aray = n
finished reading options and arguments..
input fastafile name= /n/data1/hms/dbmi/park/sl325/EMSARtest/Vicugna_pacos.vicPac1.72.cdna.all.fa
readlength = 101
reading fasta file... :05/09,18:28:19
initialized seq_array..
cumlI_size=3947, max_tid=12703, fasta_size=39469187
initializing rsh array... :05/09,18:28:21
Marking noncanonical positions...
05/09,18:28:21
Generating suffix array for read length 101...
05/09,18:28:28
max_sfa_size=18452306
initializating suffix array... (w/ tag AA) :05/09,18:28:28
sfa_size=36904612 (0~2116056)
sorting suffix array... :05/09,18:28:29
sorting suffix array finished... :05/09,18:28:30
initializating suffix array... (w/ tag AC) :05/09,18:28:30
sfa_size=36904612 (2116057~3632129)
sorting suffix array... :05/09,18:28:30
sorting suffix array finished... :05/09,18:28:32
initializating suffix array... (w/ tag AG) :05/09,18:28:32
sfa_size=36904612 (3632130~5816688)
sorting suffix array... :05/09,18:28:32
sorting suffix array finished... :05/09,18:28:34
initializating suffix array... (w/ tag AT) :05/09,18:28:34
sfa_size=36904612 (5816689~7541587)
sorting suffix array... :05/09,18:28:34
sorting suffix array finished... :05/09,18:28:35
initializating suffix array... (w/ tag CA) :05/09,18:28:35
sfa_size=36904612 (7541588~9826204)
sorting suffix array... :05/09,18:28:36
sorting suffix array finished... :05/09,18:28:38
initializating suffix array... (w/ tag CC) :05/09,18:28:38
sfa_size=36904612 (9826205~11712290)
sorting suffix array... :05/09,18:28:38
sorting suffix array finished... :05/09,18:28:39
initializating suffix array... (w/ tag CG) :05/09,18:28:39
sfa_size=36904612 (11712291~12504699)
sorting suffix array... :05/09,18:28:40
sorting suffix array finished... :05/09,18:28:40
initializating suffix array... (w/ tag CT) :05/09,18:28:40
sfa_size=36904612 (12504700~14701864)
sorting suffix array... :05/09,18:28:41
sorting suffix array finished... :05/09,18:28:42
initializating suffix array... (w/ tag GA) :05/09,18:28:42
sfa_size=36904612 (14701865~16731765)
sorting suffix array... :05/09,18:28:43
sorting suffix array finished... :05/09,18:28:44
initializating suffix array... (w/ tag GC) :05/09,18:28:44
sfa_size=36904612 (16731766~18450254)
sorting suffix array... :05/09,18:28:45
sorting suffix array finished... :05/09,18:28:46
initializating suffix array... (w/ tag GG) :05/09,18:28:46
sfa_size=36904612 (18450255~20349271)
sorting suffix array... :05/09,18:28:46
sorting suffix array finished... :05/09,18:28:47
initializating suffix array... (w/ tag GT) :05/09,18:28:47
sfa_size=36904612 (20349272~21879090)
sorting suffix array... :05/09,18:28:48
sorting suffix array finished... :05/09,18:28:49
initializating suffix array... (w/ tag TA) :05/09,18:28:49
sfa_size=36904612 (21879091~22987444)
sorting suffix array... :05/09,18:28:49
sorting suffix array finished... :05/09,18:28:50
initializating suffix array... (w/ tag TC) :05/09,18:28:50
sfa_size=36904612 (22987445~25026814)
sorting suffix array... :05/09,18:28:51
sorting suffix array finished... :05/09,18:28:52
initializating suffix array... (w/ tag TG) :05/09,18:28:52
sfa_size=36904612 (25026815~27331519)
sorting suffix array... :05/09,18:28:52
sorting suffix array finished... :05/09,18:28:54
initializating suffix array... (w/ tag TT) :05/09,18:28:54
sfa_size=36904612 (27331520~29468987)
sorting suffix array... :05/09,18:28:55
sorting suffix array finished... :05/09,18:28:56
suffix array size readjusted to 29468988...
generating mark array for mate1 suffix array...
05/09,18:28:56
processing mate1 suffix array... (using 8 thread(s))
05/09,18:28:58
Running the unthreaded part...

------------------------------------------------------------
Sender: LSF System <lsfadmin@clarinet000-200.orchestra>
Subject: Job 8116485: <./emsar-build -P -p 8 /n/data1/hms/dbmi/park/sl325/EMSARtest/Vicugna_pacos.vicPac1.72.cdna.all.fa 101 /n/data1/hms/dbmi/park/sl325/EMSARtest/ Vicugnia.L101x2> Exited

Job <./emsar-build -P -p 8 /n/data1/hms/dbmi/park/sl325/EMSARtest/Vicugna_pacos.vicPac1.72.cdna.all.fa 101 /n/data1/hms/dbmi/park/sl325/EMSARtest/ Vicugnia.L101x2> was submitted from host <balcony.orchestra> by user <sl325> in cluster <hms_orchestra>.
Job was executed on host(s) <8*clarinet000-200.orchestra>, in queue <i2b2_7d>, as user <sl325> in cluster <hms_orchestra>.
</home/sl325> was used as the home directory.
</home/sl325/bin/EMSAR.v1.2j> was used as the working directory.
Started at Sat May  9 18:28:19 2015
Results reported at Sat May  9 18:28:58 2015

Your job looked like:

------------------------------------------------------------
# LSBATCH: User input
./emsar-build -P -p 8 /n/data1/hms/dbmi/park/sl325/EMSARtest/Vicugna_pacos.vicPac1.72.cdna.all.fa 101 /n/data1/hms/dbmi/park/sl325/EMSARtest/ Vicugnia.L101x2
------------------------------------------------------------

Exited with exit code 134.

Resource usage summary:

    CPU time   :     69.67 sec.
    Max Memory :       130 MB
    Max Swap   :       243 MB

    Max Processes  :         3
    Max Threads    :         9

The output (if any) is above this job summary.



PS:

Read file <e1.log> for stderr output of this job.

Paired-end= y
strand type= ns
Max_Fraglen= 400
Min_Fraglen= 1
MAX_REPEAT= 100
bias model= 0 (no bias model)
positional bias training length= 1000
positional bias impute training length= 200
fasta header option= E
MAX_Thread= 8
binsize = 5000
taglen = 2
print suffix aray = n
finished reading options and arguments..
input fastafile name= /n/data1/hms/dbmi/park/sl325/EMSARtest/Vicugna_pacos.vicPac1.72.cdna.all.fa
readlength = 101
reading fasta file... :05/09,19:00:40
initialized seq_array..
cumlI_size=3947, max_tid=12703, fasta_size=39469187
initializing rsh array... :05/09,19:00:41
Marking noncanonical positions...
05/09,19:00:41
Generating suffix array for read length 101...
05/09,19:00:48
max_sfa_size=18452306
initializating suffix array... (w/ tag AA) :05/09,19:00:48
sfa_size=36904612 (0~2116056)
sorting suffix array... :05/09,19:00:49
sorting suffix array finished... :05/09,19:00:50
initializating suffix array... (w/ tag AC) :05/09,19:00:50
sfa_size=36904612 (2116057~3632129)
sorting suffix array... :05/09,19:00:51
sorting suffix array finished... :05/09,19:00:52
initializating suffix array... (w/ tag AG) :05/09,19:00:52
sfa_size=36904612 (3632130~5816688)
sorting suffix array... :05/09,19:00:53
sorting suffix array finished... :05/09,19:00:54
initializating suffix array... (w/ tag AT) :05/09,19:00:54
sfa_size=36904612 (5816689~7541587)
sorting suffix array... :05/09,19:00:55
sorting suffix array finished... :05/09,19:00:56
initializating suffix array... (w/ tag CA) :05/09,19:00:56
sfa_size=36904612 (7541588~9826204)
sorting suffix array... :05/09,19:00:57
sorting suffix array finished... :05/09,19:00:58
initializating suffix array... (w/ tag CC) :05/09,19:00:58
sfa_size=36904612 (9826205~11712290)
sorting suffix array... :05/09,19:00:59
sorting suffix array finished... :05/09,19:01:00
initializating suffix array... (w/ tag CG) :05/09,19:01:00
sfa_size=36904612 (11712291~12504699)
sorting suffix array... :05/09,19:01:01
sorting suffix array finished... :05/09,19:01:01
initializating suffix array... (w/ tag CT) :05/09,19:01:01
sfa_size=36904612 (12504700~14701864)
sorting suffix array... :05/09,19:01:02
sorting suffix array finished... :05/09,19:01:03
initializating suffix array... (w/ tag GA) :05/09,19:01:03
sfa_size=36904612 (14701865~16731765)
sorting suffix array... :05/09,19:01:04
sorting suffix array finished... :05/09,19:01:05
initializating suffix array... (w/ tag GC) :05/09,19:01:05
sfa_size=36904612 (16731766~18450254)
sorting suffix array... :05/09,19:01:06
sorting suffix array finished... :05/09,19:01:07
initializating suffix array... (w/ tag GG) :05/09,19:01:07
sfa_size=36904612 (18450255~20349271)
sorting suffix array... :05/09,19:01:08
sorting suffix array finished... :05/09,19:01:08
initializating suffix array... (w/ tag GT) :05/09,19:01:08
sfa_size=36904612 (20349272~21879090)
sorting suffix array... :05/09,19:01:09
sorting suffix array finished... :05/09,19:01:10
initializating suffix array... (w/ tag TA) :05/09,19:01:10
sfa_size=36904612 (21879091~22987444)
sorting suffix array... :05/09,19:01:11
sorting suffix array finished... :05/09,19:01:11
initializating suffix array... (w/ tag TC) :05/09,19:01:11
sfa_size=36904612 (22987445~25026814)
sorting suffix array... :05/09,19:01:12
sorting suffix array finished... :05/09,19:01:13
initializating suffix array... (w/ tag TG) :05/09,19:01:13
sfa_size=36904612 (25026815~27331519)
sorting suffix array... :05/09,19:01:14
sorting suffix array finished... :05/09,19:01:15
initializating suffix array... (w/ tag TT) :05/09,19:01:15
sfa_size=36904612 (27331520~29468987)
sorting suffix array... :05/09,19:01:16
sorting suffix array finished... :05/09,19:01:17
suffix array size readjusted to 29468988...
generating mark array for mate1 suffix array...
05/09,19:01:17
processing mate1 suffix array... (using 8 thread(s))
05/09,19:01:19
Running the unthreaded part...

------------------------------------------------------------
Sender: LSF System <lsfadmin@clarinet001-177.orchestra>
Subject: Job 8117059: <./emsar-build -P -p 8 /n/data1/hms/dbmi/park/sl325/EMSARtest/Vicugna_pacos.vicPac1.72.cdna.all.fa 101 /n/data1/hms/dbmi/park/sl325/EMSARtest/ Vicugnia.L101x2> Exited

Job <./emsar-build -P -p 8 /n/data1/hms/dbmi/park/sl325/EMSARtest/Vicugna_pacos.vicPac1.72.cdna.all.fa 101 /n/data1/hms/dbmi/park/sl325/EMSARtest/ Vicugnia.L101x2> was submitted from host <balcony.orchestra> by user <sl325> in cluster <hms_orchestra>.
Job was executed on host(s) <8*clarinet001-177.orchestra>, in queue <i2b2_7d>, as user <sl325> in cluster <hms_orchestra>.
</home/sl325> was used as the home directory.
</home/sl325/bin/EMSAR.v1.2j> was used as the working directory.
Started at Sat May  9 19:00:40 2015
Results reported at Sat May  9 19:01:21 2015

Your job looked like:

------------------------------------------------------------
# LSBATCH: User input
./emsar-build -P -p 8 /n/data1/hms/dbmi/park/sl325/EMSARtest/Vicugna_pacos.vicPac1.72.cdna.all.fa 101 /n/data1/hms/dbmi/park/sl325/EMSARtest/ Vicugnia.L101x2
------------------------------------------------------------

Exited with exit code 134.

Resource usage summary:

    CPU time   :     70.46 sec.
    Max Memory :       162 MB
    Max Swap   :       282 MB

    Max Processes  :         3
    Max Threads    :        11

The output (if any) is above this job summary.



PS:

Read file <e1.log> for stderr output of this job.

Paired-end= y
strand type= ns
Max_Fraglen= 400
Min_Fraglen= 1
MAX_REPEAT= 100
bias model= 0 (no bias model)
positional bias training length= 1000
positional bias impute training length= 200
fasta header option= E
MAX_Thread= 8
binsize = 5000
taglen = 2
print suffix aray = n
finished reading options and arguments..
input fastafile name= /n/data1/hms/dbmi/park/sl325/EMSARtest/Vicugna_pacos.vicPac1.72.cdna.all.fa
readlength = 101
reading fasta file... :05/09,19:49:26
initialized seq_array..
cumlI_size=3947, max_tid=12703, fasta_size=39469187
initializing rsh array... :05/09,19:49:28
Marking noncanonical positions...
05/09,19:49:28
Generating suffix array for read length 101...
05/09,19:49:34
max_sfa_size=18452306
initializating suffix array... (w/ tag AA) :05/09,19:49:34
sfa_size=36904612 (0~2116056)
sorting suffix array... :05/09,19:49:35
sorting suffix array finished... :05/09,19:49:36
initializating suffix array... (w/ tag AC) :05/09,19:49:36
sfa_size=36904612 (2116057~3632129)
sorting suffix array... :05/09,19:49:37
sorting suffix array finished... :05/09,19:49:38
initializating suffix array... (w/ tag AG) :05/09,19:49:38
sfa_size=36904612 (3632130~5816688)
sorting suffix array... :05/09,19:49:39
sorting suffix array finished... :05/09,19:49:40
initializating suffix array... (w/ tag AT) :05/09,19:49:40
sfa_size=36904612 (5816689~7541587)
sorting suffix array... :05/09,19:49:41
sorting suffix array finished... :05/09,19:49:42
initializating suffix array... (w/ tag CA) :05/09,19:49:42
sfa_size=36904612 (7541588~9826204)
sorting suffix array... :05/09,19:49:43
sorting suffix array finished... :05/09,19:49:44
initializating suffix array... (w/ tag CC) :05/09,19:49:44
sfa_size=36904612 (9826205~11712290)
sorting suffix array... :05/09,19:49:45
sorting suffix array finished... :05/09,19:49:46
initializating suffix array... (w/ tag CG) :05/09,19:49:46
sfa_size=36904612 (11712291~12504699)
sorting suffix array... :05/09,19:49:46
sorting suffix array finished... :05/09,19:49:47
initializating suffix array... (w/ tag CT) :05/09,19:49:47
sfa_size=36904612 (12504700~14701864)
sorting suffix array... :05/09,19:49:47
sorting suffix array finished... :05/09,19:49:49
initializating suffix array... (w/ tag GA) :05/09,19:49:49
sfa_size=36904612 (14701865~16731765)
sorting suffix array... :05/09,19:49:49
sorting suffix array finished... :05/09,19:49:50
initializating suffix array... (w/ tag GC) :05/09,19:49:50
sfa_size=36904612 (16731766~18450254)
sorting suffix array... :05/09,19:49:51
sorting suffix array finished... :05/09,19:49:52
initializating suffix array... (w/ tag GG) :05/09,19:49:52
sfa_size=36904612 (18450255~20349271)
sorting suffix array... :05/09,19:49:53
sorting suffix array finished... :05/09,19:49:54
initializating suffix array... (w/ tag GT) :05/09,19:49:54
sfa_size=36904612 (20349272~21879090)
sorting suffix array... :05/09,19:49:55
sorting suffix array finished... :05/09,19:49:55
initializating suffix array... (w/ tag TA) :05/09,19:49:55
sfa_size=36904612 (21879091~22987444)
sorting suffix array... :05/09,19:49:56
sorting suffix array finished... :05/09,19:49:57
initializating suffix array... (w/ tag TC) :05/09,19:49:57
sfa_size=36904612 (22987445~25026814)
sorting suffix array... :05/09,19:49:57
sorting suffix array finished... :05/09,19:49:58
initializating suffix array... (w/ tag TG) :05/09,19:49:58
sfa_size=36904612 (25026815~27331519)
sorting suffix array... :05/09,19:49:59
sorting suffix array finished... :05/09,19:50:01
initializating suffix array... (w/ tag TT) :05/09,19:50:01
sfa_size=36904612 (27331520~29468987)
sorting suffix array... :05/09,19:50:01
sorting suffix array finished... :05/09,19:50:02
suffix array size readjusted to 29468988...
generating mark array for mate1 suffix array...
05/09,19:50:02
processing mate1 suffix array... (using 8 thread(s))
05/09,19:50:05
Running the unthreaded part...

------------------------------------------------------------
Sender: LSF System <lsfadmin@clarinet001-179.orchestra>
Subject: Job 8117129: <./emsar-build -P -p 8 /n/data1/hms/dbmi/park/sl325/EMSARtest/Vicugna_pacos.vicPac1.72.cdna.all.fa 101 /n/data1/hms/dbmi/park/sl325/EMSARtest/ Vicugnia.L101x2> Exited

Job <./emsar-build -P -p 8 /n/data1/hms/dbmi/park/sl325/EMSARtest/Vicugna_pacos.vicPac1.72.cdna.all.fa 101 /n/data1/hms/dbmi/park/sl325/EMSARtest/ Vicugnia.L101x2> was submitted from host <balcony.orchestra> by user <sl325> in cluster <hms_orchestra>.
Job was executed on host(s) <8*clarinet001-179.orchestra>, in queue <i2b2_7d>, as user <sl325> in cluster <hms_orchestra>.
</home/sl325> was used as the home directory.
</home/sl325/bin/EMSAR.v1.2j> was used as the working directory.
Started at Sat May  9 19:49:26 2015
Results reported at Sat May  9 19:50:05 2015

Your job looked like:

------------------------------------------------------------
# LSBATCH: User input
./emsar-build -P -p 8 /n/data1/hms/dbmi/park/sl325/EMSARtest/Vicugna_pacos.vicPac1.72.cdna.all.fa 101 /n/data1/hms/dbmi/park/sl325/EMSARtest/ Vicugnia.L101x2
------------------------------------------------------------

Exited with exit code 134.

Resource usage summary:

    CPU time   :     70.08 sec.
    Max Memory :       134 MB
    Max Swap   :       243 MB

    Max Processes  :         3
    Max Threads    :        11

The output (if any) is above this job summary.



PS:

Read file <e1.log> for stderr output of this job.

Paired-end= y
strand type= ns
Max_Fraglen= 400
Min_Fraglen= 1
MAX_REPEAT= 100
bias model= 0 (no bias model)
positional bias training length= 1000
positional bias impute training length= 200
fasta header option= E
MAX_Thread= 8
binsize = 5000
taglen = 2
print suffix aray = n
finished reading options and arguments..
input fastafile name= /n/data1/hms/dbmi/park/sl325/EMSARtest/Vicugna_pacos.vicPac1.72.cdna.all.fa
readlength = 101
reading fasta file... :05/09,19:53:47
initialized seq_array..
cumlI_size=3947, max_tid=12703, fasta_size=39469187
initializing rsh array... :05/09,19:53:48
Marking noncanonical positions...
05/09,19:53:48
Generating suffix array for read length 101...
05/09,19:53:55
max_sfa_size=18452306
initializating suffix array... (w/ tag AA) :05/09,19:53:55
sfa_size=36904612 (0~2116056)
sorting suffix array... :05/09,19:53:56
sorting suffix array finished... :05/09,19:53:57
initializating suffix array... (w/ tag AC) :05/09,19:53:57
sfa_size=36904612 (2116057~3632129)
sorting suffix array... :05/09,19:53:57
sorting suffix array finished... :05/09,19:53:58
initializating suffix array... (w/ tag AG) :05/09,19:53:58
sfa_size=36904612 (3632130~5816688)
sorting suffix array... :05/09,19:53:59
sorting suffix array finished... :05/09,19:54:00
initializating suffix array... (w/ tag AT) :05/09,19:54:00
sfa_size=36904612 (5816689~7541587)
sorting suffix array... :05/09,19:54:01
sorting suffix array finished... :05/09,19:54:02
initializating suffix array... (w/ tag CA) :05/09,19:54:02
sfa_size=36904612 (7541588~9826204)
sorting suffix array... :05/09,19:54:03
sorting suffix array finished... :05/09,19:54:05
initializating suffix array... (w/ tag CC) :05/09,19:54:05
sfa_size=36904612 (9826205~11712290)
sorting suffix array... :05/09,19:54:05
sorting suffix array finished... :05/09,19:54:06
initializating suffix array... (w/ tag CG) :05/09,19:54:06
sfa_size=36904612 (11712291~12504699)
sorting suffix array... :05/09,19:54:07
sorting suffix array finished... :05/09,19:54:07
initializating suffix array... (w/ tag CT) :05/09,19:54:07
sfa_size=36904612 (12504700~14701864)
sorting suffix array... :05/09,19:54:08
sorting suffix array finished... :05/09,19:54:09
initializating suffix array... (w/ tag GA) :05/09,19:54:09
sfa_size=36904612 (14701865~16731765)
sorting suffix array... :05/09,19:54:10
sorting suffix array finished... :05/09,19:54:11
initializating suffix array... (w/ tag GC) :05/09,19:54:11
sfa_size=36904612 (16731766~18450254)
sorting suffix array... :05/09,19:54:12
sorting suffix array finished... :05/09,19:54:13
initializating suffix array... (w/ tag GG) :05/09,19:54:13
sfa_size=36904612 (18450255~20349271)
sorting suffix array... :05/09,19:54:13
sorting suffix array finished... :05/09,19:54:14
initializating suffix array... (w/ tag GT) :05/09,19:54:14
sfa_size=36904612 (20349272~21879090)
sorting suffix array... :05/09,19:54:15
sorting suffix array finished... :05/09,19:54:16
initializating suffix array... (w/ tag TA) :05/09,19:54:16
sfa_size=36904612 (21879091~22987444)
sorting suffix array... :05/09,19:54:16
sorting suffix array finished... :05/09,19:54:17
initializating suffix array... (w/ tag TC) :05/09,19:54:17
sfa_size=36904612 (22987445~25026814)
sorting suffix array... :05/09,19:54:18
sorting suffix array finished... :05/09,19:54:19
initializating suffix array... (w/ tag TG) :05/09,19:54:19
sfa_size=36904612 (25026815~27331519)
sorting suffix array... :05/09,19:54:20
sorting suffix array finished... :05/09,19:54:21
initializating suffix array... (w/ tag TT) :05/09,19:54:21
sfa_size=36904612 (27331520~29468987)
sorting suffix array... :05/09,19:54:22
sorting suffix array finished... :05/09,19:54:23
suffix array size readjusted to 29468988...
generating mark array for mate1 suffix array...
05/09,19:54:23
processing mate1 suffix array... (using 8 thread(s))
05/09,19:54:25
Running the unthreaded part...
freeing sequence array... :writing to an rsh file ... :05/09,20:00:43
freeing memory ... :05/09,20:00:44

------------------------------------------------------------
Sender: LSF System <lsfadmin@clarinet001-180.orchestra>
Subject: Job 8117138: <./emsar-build -P -p 8 /n/data1/hms/dbmi/park/sl325/EMSARtest/Vicugna_pacos.vicPac1.72.cdna.all.fa 101 /n/data1/hms/dbmi/park/sl325/EMSARtest/ Vicugnia.L101x2> Done

Job <./emsar-build -P -p 8 /n/data1/hms/dbmi/park/sl325/EMSARtest/Vicugna_pacos.vicPac1.72.cdna.all.fa 101 /n/data1/hms/dbmi/park/sl325/EMSARtest/ Vicugnia.L101x2> was submitted from host <balcony.orchestra> by user <sl325> in cluster <hms_orchestra>.
Job was executed on host(s) <8*clarinet001-180.orchestra>, in queue <i2b2_7d>, as user <sl325> in cluster <hms_orchestra>.
</home/sl325> was used as the home directory.
</home/sl325/bin/EMSAR.v1.2j> was used as the working directory.
Started at Sat May  9 19:53:47 2015
Results reported at Sat May  9 20:00:44 2015

Your job looked like:

------------------------------------------------------------
# LSBATCH: User input
./emsar-build -P -p 8 /n/data1/hms/dbmi/park/sl325/EMSARtest/Vicugna_pacos.vicPac1.72.cdna.all.fa 101 /n/data1/hms/dbmi/park/sl325/EMSARtest/ Vicugnia.L101x2
------------------------------------------------------------

Successfully completed.

Resource usage summary:

    CPU time   :   2985.14 sec.
    Max Memory :       181 MB
    Max Swap   :       417 MB

    Max Processes  :         3
    Max Threads    :        11

The output (if any) is above this job summary.



PS:

Read file <e1.log> for stderr output of this job.

